<?xml version="1.0" encoding="UTF-8"?>
<!-- Generated by org.testng.reporters.JUnitReportReporter -->
<testsuite skipped="0" hostname="LAPTOP-NSGFDTKU" name="testScipts.DriverScript" tests="1" failures="0" timestamp="2022-01-22T16:48:22 IST" time="26.327" errors="0">
  <testcase name="test1" time="26.327" classname="testScipts.DriverScript"/>
  <system-out>
    <![CDATA[Title Verified: Amazon.com : iPhone
Title Verified: Amazon.com : Samsung
Title Verified: Amazon.com : Oneplus]]>
  </system-out>
</testsuite> <!-- testScipts.DriverScript -->
