<?xml version="1.0" encoding="UTF-8"?>
<!-- Generated by org.testng.reporters.JUnitReportReporter -->
<testsuite skipped="0" hostname="LAPTOP-NSGFDTKU" name="testScipts.CallUtility" tests="1" failures="0" timestamp="2022-01-21T17:53:46 IST" time="12.333" errors="0">
  <testcase name="searchGoogle" time="12.333" classname="testScipts.CallUtility"/>
  <system-out>
    <![CDATA[Title Verified: Testing - Google Search
Title Verified: Selenium - Google Search
Title Verified: Manual Testing - Google Search
Title Verified: Automation Testing - Google Search]]>
  </system-out>
</testsuite> <!-- testScipts.CallUtility -->
